792
472 955
228 196
560 722
799 209
106 508
744 685
889 305
617 971
600 518
336 707
846 415
171 866
712 400
495 969
707 221
898 928
659 448
986 964
373 307
309 430
500 607
850 302
706 148
104 152
908 34
110 534
132 447
395 438
977 138
495 437
641 344
937 572
106 869
266 35
190 478
81 883
541 804
441 72
511 778
201 774
450 931
810 227
712 798
366 470
653 932
814 711
192 924
893 791
592 691
220 577
441 362
445 89
550 3
260 299
761 621
306 895
281 664
964 884
796 306
748 603
189 516
958 710
135 175
350 840
147 123
752 150
502 512
96 415
799 310
35 216
87 683
421 811
642 731
548 368
693 933
501 92
521 899
110 746
191 898
724 592
59 643
214 83
158 297
793 237
655 331
942 518
530 93
377 896
636 826
290 632
358 757
721 738
144 57
206 595
183 316
727 693
410 699
174 559
65 970
434 475
975 948
140 525
234 866
301 72
88 151
599 626
149 979
33 347
274 469
862 426
880 239
976 569
69 477
112 227
286 910
674 898
406 239
471 21
286 372
227 802
614 640
329 928
602 614
427 113
224 121
910 102
921 593
381 260
631 431
565 661
758 380
73 50
85 325
759 487
647 97
482 399
85 733
857 346
358 872
496 468
26 963
398 184
587 196
919 45
245 219
675 831
128 227
487 553
708 757
42 26
684 418
994 950
165 608
936 847
233 311
129 154
735 220
822 159
334 678
703 820
90 535
644 937
149 652
372 41
994 129
273 975
406 295
987 319
776 175
372 559
682 540
580 765
968 548
431 907
489 863
907 257
364 44
46 337
213 47
16 761
151 999
924 60
996 576
589 986
395 852
351 306
570 127
707 669
828 179
383 772
788 857
773 804
291 145
979 321
887 316
539 202
948 200
915 475
743 460
456 440
993 557
575 73
400 456
893 8
444 544
823 27
609 722
908 990
584 976
217 337
611 91
661 466
409 764
847 572
878 269
612 480
327 643
662 74
317 798
657 544
272 277
344 871
269 804
751 191
515 943
522 63
2 283
166 667
581 995
302 397
738 209
146 755
648 37
746 920
640 243
585 277
951 584
752 432
659 637
808 253
379 191
333 37
548 462
207 229
537 932
82 392
835 841
512 383
530 101
109 376
794 837
860 821
217 874
609 231
145 806
182 410
497 64
841 794
912 314
230 422
373 353
433 229
88 76
231 870
37 465
550 676
147 909
498 570
64 523
849 555
431 318
577 133
676 946
920 263
631 880
820 529
976 536
821 202
522 484
888 728
258 730
781 979
938 211
579 691
969 946
698 780
166 535
761 975
53 956
889 299
416 319
90 139
722 730
925 73
872 447
201 547
73 768
34 838
48 310
551 969
743 760
291 747
870 167
102 567
484 184
588 454
852 913
287 157
548 223
872 298
979 7
188 697
617 419
685 804
300 968
694 194
680 854
515 759
702 47
32 549
384 988
1 208
163 828
722 568
878 966
776 723
322 322
464 394
51 27
630 285
623 223
584 473
100 850
940 744
998 127
583 641
425 929
864 202
284 49
773 596
927 489
196 894
326 905
476 860
326 671
909 153
120 540
933 219
116 341
349 862
968 479
156 876
72 375
362 539
720 984
183 311
704 518
372 282
519 619
274 401
651 936
850 209
1000 735
518 162
328 958
510 130
761 62
677 597
277 357
125 484
918 625
295 867
936 518
64 288
604 218
737 632
26 606
694 948
182 976
945 573
431 535
103 99
868 422
443 156
319 949
538 691
967 84
983 423
448 457
944 6
926 572
809 714
170 41
127 27
923 854
423 268
305 174
328 642
719 221
583 986
431 725
898 586
594 360
22 452
16 807
668 927
468 906
34 582
667 497
126 260
191 242
993 912
160 180
297 630
618 12
823 366
940 230
483 449
704 38
716 505
975 7
109 1000
623 332
788 788
287 37
276 929
289 204
757 176
225 129
107 95
46 699
189 816
895 976
558 487
72 590
737 678
453 2
585 875
422 546
815 892
123 462
447 474
466 388
421 44
223 101
836 765
355 537
839 169
904 514
532 907
347 840
589 843
67 241
633 55
306 899
155 767
530 772
425 797
841 794
56 581
432 911
709 993
536 208
231 872
830 366
868 776
657 268
609 721
457 137
238 812
354 97
448 364
882 7
513 428
943 78
261 858
388 344
471 362
294 206
420 613
794 554
637 619
697 937
963 807
822 613
598 275
823 426
398 644
579 175
390 358
708 247
774 331
652 921
80 152
900 148
293 161
707 839
201 894
108 264
420 910
83 92
666 803
73 367
846 413
46 20
794 508
711 894
394 928
808 968
642 268
571 538
108 827
41 949
367 217
401 321
45 148
487 733
539 148
639 679
926 25
730 789
836 493
168 35
753 426
463 245
547 309
394 464
648 235
222 652
855 666
497 764
804 187
771 665
64 295
698 548
376 376
105 235
148 553
704 270
315 144
18 250
869 571
170 437
833 89
232 915
137 715
491 905
962 3
463 520
304 83
833 276
994 904
664 846
810 161
351 551
144 715
360 517
359 47
499 787
647 334
847 980
669 299
584 640
80 882
578 970
5 352
269 753
718 899
161 310
582 947
12 253
136 314
938 552
521 120
460 728
906 297
332 821
819 515
152 984
389 890
461 351
662 567
637 753
10 425
908 122
208 474
1000 801
19 661
919 825
74 102
238 829
27 547
743 615
939 385
442 842
648 939
943 38
915 654
674 173
472 320
705 748
416 763
34 43
121 324
568 848
420 769
424 313
256 731
391 114
597 631
646 702
219 947
649 144
692 472
596 492
999 42
142 850
846 696
243 643
603 648
869 335
174 58
787 222
906 809
149 965
41 365
62 708
293 916
690 517
601 266
954 848
87 54
838 901
891 152
627 921
919 752
829 269
936 832
198 482
657 285
144 394
40 698
159 587
894 925
739 509
930 286
709 495
64 901
663 573
621 171
361 316
662 372
785 601
754 884
706 911
254 976
993 823
736 830
52 957
414 295
491 672
487 403
228 274
394 670
282 809
861 186
725 622
257 485
24 788
357 701
767 675
807 241
639 413
330 729
491 784
773 961
131 134
224 417
288 913
533 993
150 755
348 860
712 213
190 450
395 22
991 931
940 294
958 752
283 828
167 988
868 693
795 867
403 918
381 593
536 492
841 582
675 825
568 785
418 658
783 331
769 767
585 918
729 410
482 494
612 235
573 126
520 588
832 805
306 625
343 586
797 746
510 926
131 940
691 178
578 572
955 345
43 454
515 935
280 317
986 226
875 540
326 895
119 100
604 344
633 519
476 285
766 229
28 360
740 220
100 486
105 229
225 947
369 484
142 645
606 129
144 556
112 613
953 672
48 911
663 595
663 672
366 200
316 147
19 461
54 825
162 317
319 19
179 441
690 530
40 712
134 612
459 868
82 599
125 527
795 51
394 518
469 355
579 309
959 293
404 420
346 882
695 208
643 919
232 140
974 997
699 657
229 119
803 859
338 378
36 463
258 745
243 850
914 114
829 748
78 114
701 205
680 488
962 390
445 793
168 435
446 568
126 231
598 657
112 768
759 566
789 941
971 265
28 638
119 227
114 579
234 644
799 328
